2016-05-10 15:35:48,680 [Worker-11] INFO  o.e.m.c.i.l.LifecycleMappingFactory - Using NULL lifecycle mapping for MavenProject: com.egencia.griffin:griffin-parent:1.7-RC17-SNAPSHOT @ C:\Users\nishanth.m\Perforce\nmalyala_SON16240_4467\depot\Griffin\release\VCS_Phase2\pom.xml.
2016-05-10 15:35:50,925 [Worker-11] INFO  o.e.m.c.i.l.LifecycleMappingFactory - Using org.eclipse.m2e.jdt.JarLifecycleMapping lifecycle mapping for MavenProject: com.egencia.griffin:griffin-model:1.7-RC17-SNAPSHOT @ C:\Users\nishanth.m\Perforce\nmalyala_SON16240_4467\depot\Griffin\release\VCS_Phase2\griffin-model\pom.xml.
2016-05-10 15:35:51,374 [Worker-11] WARN  o.e.m.c.i.embedder.EclipseLogger - Failure to transfer org.codehaus.mojo:jaxws-maven-plugin/maven-metadata.xml from http://nexus.expediacorporate.eu/nexus/content/groups/public/ was cached in the local repository, resolution will not be reattempted until the update interval of egencia has elapsed or updates are forced. Original error: Could not transfer metadata org.codehaus.mojo:jaxws-maven-plugin/maven-metadata.xml from/to egencia (http://nexus.expediacorporate.eu/nexus/content/groups/public/): nexus.expediacorporate.eu
2016-05-10 15:35:51,552 [Worker-11] INFO  o.e.m.c.i.l.LifecycleMappingFactory - Using org.eclipse.m2e.jdt.JarLifecycleMapping lifecycle mapping for MavenProject: com.egencia.griffin:safenet-client:1.7-RC17-SNAPSHOT @ C:\Users\nishanth.m\Perforce\nmalyala_SON16240_4467\depot\Griffin\release\VCS_Phase2\safenet-client\pom.xml.
2016-05-10 15:35:52,603 [Worker-11] WARN  o.e.m.c.i.embedder.EclipseLogger - The artifact javax.xml:jaxb-api:jar:2.1 has been relocated to javax.xml.bind:jaxb-api:jar:2.1
2016-05-10 15:35:52,805 [Worker-11] INFO  o.e.m.c.i.l.LifecycleMappingFactory - Using org.eclipse.m2e.jdt.JarLifecycleMapping lifecycle mapping for MavenProject: com.egencia.griffin:griffin-service:1.7-RC17-SNAPSHOT @ C:\Users\nishanth.m\Perforce\nmalyala_SON16240_4467\depot\Griffin\release\VCS_Phase2\griffin-service\pom.xml.
2016-05-10 15:35:52,896 [Worker-11] WARN  o.e.m.c.i.embedder.EclipseLogger - Failure to transfer org.codehaus.mojo:jaxws-maven-plugin/maven-metadata.xml from http://nexus.expediacorporate.eu/nexus/content/groups/public/ was cached in the local repository, resolution will not be reattempted until the update interval of egencia has elapsed or updates are forced. Original error: Could not transfer metadata org.codehaus.mojo:jaxws-maven-plugin/maven-metadata.xml from/to egencia (http://nexus.expediacorporate.eu/nexus/content/groups/public/): nexus.expediacorporate.eu
2016-05-10 15:35:52,995 [Worker-11] INFO  o.e.m.c.i.l.LifecycleMappingFactory - Using org.eclipse.m2e.jdt.JarLifecycleMapping lifecycle mapping for MavenProject: com.egencia.griffin:griffin-client:1.7-RC17-SNAPSHOT @ C:\Users\nishanth.m\Perforce\nmalyala_SON16240_4467\depot\Griffin\release\VCS_Phase2\griffin-client\pom.xml.
2016-05-10 15:35:53,960 [Worker-11] INFO  o.e.m.c.i.l.LifecycleMappingFactory - Using org.maven.ide.eclipse.wtp.WarLifecycleMapping lifecycle mapping for MavenProject: com.egencia.griffin:griffin:1.7-RC17-SNAPSHOT @ C:\Users\nishanth.m\Perforce\nmalyala_SON16240_4467\depot\Griffin\release\VCS_Phase2\griffin-webapp\pom.xml.
2016-05-10 15:35:54,533 [Worker-11] INFO  o.e.m.c.i.l.LifecycleMappingFactory - Using org.eclipse.m2e.jdt.JarLifecycleMapping lifecycle mapping for MavenProject: com.egencia.griffin:griffin-acceptance:1.7-RC17-SNAPSHOT @ C:\Users\nishanth.m\Perforce\nmalyala_SON16240_4467\depot\Griffin\release\VCS_Phase2\griffin-acceptance\pom.xml.
2016-05-10 15:35:59,533 [Worker-11] WARN  o.e.m.c.i.embedder.EclipseLogger - The POM for com.sun.xml.ws:jaxws-tools:jar:2.2.9-b14002 is invalid, transitive dependencies (if any) will not be available, enable debug logging for more details
2016-05-10 15:36:00,130 [Worker-11] WARN  o.e.m.c.i.embedder.EclipseLogger - cannot find file for junit:junit:4.8.2
2016-05-10 15:36:00,131 [Worker-11] WARN  o.e.m.c.i.embedder.EclipseLogger - cannot find file for org.springframework:spring-test:3.0.5.RELEASE
2016-05-10 15:36:00,132 [Worker-11] WARN  o.e.m.c.i.embedder.EclipseLogger - cannot find file for uk.co.jemos.podam:podam:3.0.2.RELEASE
2016-05-10 15:36:00,134 [Worker-11] INFO  o.e.m.c.i.embedder.EclipseLogger - Processing: file:/C:/Users/nishanth.m/Perforce/nmalyala_SON16240_4467/depot/Griffin/release/VCS_Phase2/griffin-client/src/main/wsdl/Griffin.wsdl
2016-05-10 15:36:00,135 [Worker-11] WARN  o.e.m.c.i.embedder.EclipseLogger - Using platform encoding (Cp1252), build is platform dependent!
2016-05-10 15:36:00,136 [Worker-11] INFO  o.e.m.c.i.embedder.EclipseLogger - jaxws:wsimport args: [-keep, -s, 'C:\Users\nishanth.m\Perforce\nmalyala_SON16240_4467\depot\Griffin\release\VCS_Phase2\griffin-client\target\generated-sources\wsimport', -d, 'C:\Users\nishanth.m\Perforce\nmalyala_SON16240_4467\depot\Griffin\release\VCS_Phase2\griffin-client\target\classes', -Xnocompile, -wsdllocation, http://localhost:8080/griffin-1.2/webservices/griffinService?wsdl, "file:/C:/Users/nishanth.m/Perforce/nmalyala_SON16240_4467/depot/Griffin/release/VCS_Phase2/griffin-client/src/main/wsdl/Griffin.wsdl"]
2016-05-10 15:36:00,743 [Worker-11] INFO  o.e.m.j.i.AbstractJavaProjectConfigurator - Adding source folder /griffin-client/src/main/java
2016-05-10 15:36:00,744 [Worker-11] INFO  o.e.m.j.i.AbstractJavaProjectConfigurator - Adding source folder /griffin-client/target/generated-sources/wsimport
2016-05-10 15:36:00,744 [Worker-11] INFO  o.e.m.j.i.AbstractJavaProjectConfigurator - Adding source folder /griffin-client/src/test/java
2016-05-10 15:36:00,745 [Worker-11] INFO  o.e.m.j.i.AbstractJavaProjectConfigurator - Adding resource folder /griffin-client/src/test/resources
2016-05-10 15:36:00,915 [Worker-11] INFO  o.e.m.j.i.AbstractJavaProjectConfigurator - Adding source folder /griffin-model/src/main/java
2016-05-10 15:36:00,915 [Worker-11] INFO  o.e.m.j.i.AbstractJavaProjectConfigurator - Adding resource folder /griffin-model/src/main/resources
2016-05-10 15:36:00,916 [Worker-11] INFO  o.e.m.j.i.AbstractJavaProjectConfigurator - Adding source folder /griffin-model/src/test/java
2016-05-10 15:36:01,105 [Worker-11] WARN  o.e.m.c.i.embedder.EclipseLogger - The artifact javax.xml:jaxb-api:jar:2.1 has been relocated to javax.xml.bind:jaxb-api:jar:2.1
2016-05-10 15:36:01,145 [Worker-11] WARN  o.e.m.c.i.embedder.EclipseLogger - cannot find file for junit:junit:4.8.2
2016-05-10 15:36:01,146 [Worker-11] WARN  o.e.m.c.i.embedder.EclipseLogger - cannot find file for javax.xml:jaxb-api:2.1
2016-05-10 15:36:01,147 [Worker-11] WARN  o.e.m.c.i.embedder.EclipseLogger - cannot find file for org.springframework:spring-test:3.0.5.RELEASE
2016-05-10 15:36:01,148 [Worker-11] WARN  o.e.m.c.i.embedder.EclipseLogger - cannot find file for org.mockito:mockito-all:1.9.0
2016-05-10 15:36:01,148 [Worker-11] WARN  o.e.m.c.i.embedder.EclipseLogger - cannot find file for uk.co.jemos.podam:podam:3.0.2.RELEASE
2016-05-10 15:36:01,150 [Worker-11] INFO  o.e.m.c.i.embedder.EclipseLogger - Processing: file:/C:/Users/nishanth.m/Perforce/nmalyala_SON16240_4467/depot/Griffin/release/VCS_Phase2/safenet-client/src/wsdl/WSS.asmx.wsdl
2016-05-10 15:36:01,150 [Worker-11] WARN  o.e.m.c.i.embedder.EclipseLogger - Using platform encoding (Cp1252), build is platform dependent!
2016-05-10 15:36:01,151 [Worker-11] INFO  o.e.m.c.i.embedder.EclipseLogger - jaxws:wsimport args: [-keep, -s, 'C:\Users\nishanth.m\Perforce\nmalyala_SON16240_4467\depot\Griffin\release\VCS_Phase2\safenet-client\target\generated-sources\wsimport', -d, 'C:\Users\nishanth.m\Perforce\nmalyala_SON16240_4467\depot\Griffin\release\VCS_Phase2\safenet-client\target\classes', -extension, -Xnocompile, -p, com.egencia.griffin.safenet, "file:/C:/Users/nishanth.m/Perforce/nmalyala_SON16240_4467/depot/Griffin/release/VCS_Phase2/safenet-client/src/wsdl/WSS.asmx.wsdl"]
2016-05-10 15:36:01,287 [Worker-11] INFO  o.e.m.j.i.AbstractJavaProjectConfigurator - Adding source folder /safenet-client/src/main/java
2016-05-10 15:36:01,288 [Worker-11] INFO  o.e.m.j.i.AbstractJavaProjectConfigurator - Adding source folder /safenet-client/target/generated-sources/wsimport
2016-05-10 15:36:01,288 [Worker-11] INFO  o.e.m.j.i.AbstractJavaProjectConfigurator - Adding source folder /safenet-client/src/test/java
2016-05-10 15:36:01,408 [Worker-11] INFO  o.e.m.j.i.AbstractJavaProjectConfigurator - Adding source folder /griffin-service/src/main/java
2016-05-10 15:36:01,409 [Worker-11] INFO  o.e.m.j.i.AbstractJavaProjectConfigurator - Adding source folder /griffin-service/src/test/java
2016-05-10 15:36:01,409 [Worker-11] INFO  o.e.m.j.i.AbstractJavaProjectConfigurator - Adding resource folder /griffin-service/src/test/resources
2016-05-10 15:36:01,499 [Worker-11] INFO  o.e.m.j.i.AbstractJavaProjectConfigurator - Adding source folder /griffin/src/main/java
2016-05-10 15:36:01,499 [Worker-11] INFO  o.e.m.j.i.AbstractJavaProjectConfigurator - Adding resource folder /griffin/src/main/resources
2016-05-10 15:36:01,500 [Worker-11] INFO  o.e.m.j.i.AbstractJavaProjectConfigurator - Adding source folder /griffin/src/test/java
2016-05-10 15:36:01,500 [Worker-11] INFO  o.e.m.j.i.AbstractJavaProjectConfigurator - Adding resource folder /griffin/src/test/resources
2016-05-10 15:36:05,109 [Worker-11] INFO  o.e.m.j.i.AbstractJavaProjectConfigurator - Adding source folder /griffin-acceptance/src/main/java
2016-05-10 15:36:05,110 [Worker-11] INFO  o.e.m.j.i.AbstractJavaProjectConfigurator - Adding source folder /griffin-acceptance/src/test/java
2016-05-10 15:36:05,110 [Worker-11] INFO  o.e.m.j.i.AbstractJavaProjectConfigurator - Adding resource folder /griffin-acceptance/src/test/resources
2016-05-10 15:36:05,220 [Worker-11] INFO  o.e.m.c.i.p.ProjectConfigurationManager - Imported and configured 7 project(s) in 19 sec
2016-05-10 15:36:06,574 [Worker-22] WARN  o.e.m.c.i.embedder.EclipseLogger - Failure to transfer org.codehaus.mojo:jaxws-maven-plugin/maven-metadata.xml from http://nexus.expediacorporate.eu/nexus/content/groups/public/ was cached in the local repository, resolution will not be reattempted until the update interval of egencia has elapsed or updates are forced. Original error: Could not transfer metadata org.codehaus.mojo:jaxws-maven-plugin/maven-metadata.xml from/to egencia (http://nexus.expediacorporate.eu/nexus/content/groups/public/): nexus.expediacorporate.eu
2016-05-10 15:36:06,592 [Worker-22] INFO  o.e.m.c.i.embedder.EclipseLogger - Using 'UTF-8' encoding to copy filtered resources.
2016-05-10 15:36:06,592 [Worker-22] INFO  o.e.m.c.i.embedder.EclipseLogger - skip non existing resourceDirectory C:\Users\nishanth.m\Perforce\nmalyala_SON16240_4467\depot\Griffin\release\VCS_Phase2\griffin-client\src\main\resources
2016-05-10 15:36:06,799 [Worker-22] WARN  o.e.m.c.i.embedder.EclipseLogger - cannot find file for junit:junit:4.8.2
2016-05-10 15:36:06,799 [Worker-22] WARN  o.e.m.c.i.embedder.EclipseLogger - cannot find file for org.springframework:spring-test:3.0.5.RELEASE
2016-05-10 15:36:06,800 [Worker-22] WARN  o.e.m.c.i.embedder.EclipseLogger - cannot find file for uk.co.jemos.podam:podam:3.0.2.RELEASE
2016-05-10 15:36:06,801 [Worker-22] INFO  o.e.m.c.i.embedder.EclipseLogger - Processing: file:/C:/Users/nishanth.m/Perforce/nmalyala_SON16240_4467/depot/Griffin/release/VCS_Phase2/griffin-client/src/main/wsdl/Griffin.wsdl
2016-05-10 15:36:06,801 [Worker-22] WARN  o.e.m.c.i.embedder.EclipseLogger - Using platform encoding (Cp1252), build is platform dependent!
2016-05-10 15:36:06,802 [Worker-22] INFO  o.e.m.c.i.embedder.EclipseLogger - jaxws:wsimport args: [-keep, -s, 'C:\Users\nishanth.m\Perforce\nmalyala_SON16240_4467\depot\Griffin\release\VCS_Phase2\griffin-client\target\generated-sources\wsimport', -d, 'C:\Users\nishanth.m\Perforce\nmalyala_SON16240_4467\depot\Griffin\release\VCS_Phase2\griffin-client\target\classes', -Xnocompile, -wsdllocation, http://localhost:8080/griffin-1.2/webservices/griffinService?wsdl, "file:/C:/Users/nishanth.m/Perforce/nmalyala_SON16240_4467/depot/Griffin/release/VCS_Phase2/griffin-client/src/main/wsdl/Griffin.wsdl"]
2016-05-10 15:36:06,940 [Worker-22] INFO  o.e.m.c.i.embedder.EclipseLogger - Using 'UTF-8' encoding to copy filtered resources.
2016-05-10 15:36:06,944 [Worker-22] INFO  o.e.m.c.i.embedder.EclipseLogger - Copying 2 resources
2016-05-10 15:36:08,021 [Worker-22] INFO  o.e.m.c.i.embedder.EclipseLogger - Using 'UTF-8' encoding to copy filtered resources.
2016-05-10 15:36:08,021 [Worker-22] INFO  o.e.m.c.i.embedder.EclipseLogger - skip non existing resourceDirectory C:\Users\nishanth.m\Perforce\nmalyala_SON16240_4467\depot\Griffin\release\VCS_Phase2\griffin-acceptance\src\main\resources
2016-05-10 15:36:08,022 [Worker-22] INFO  o.e.m.c.i.embedder.EclipseLogger - Using 'UTF-8' encoding to copy filtered resources.
2016-05-10 15:36:08,023 [Worker-22] INFO  o.e.m.c.i.embedder.EclipseLogger - Copying 2 resources
2016-05-10 15:36:08,401 [Worker-22] INFO  o.e.m.c.i.embedder.EclipseLogger - Using 'UTF-8' encoding to copy filtered resources.
2016-05-10 15:36:08,402 [Worker-22] INFO  o.e.m.c.i.embedder.EclipseLogger - Copying 13 resources
2016-05-10 15:36:08,572 [Worker-22] INFO  o.e.m.c.i.embedder.EclipseLogger - Using 'UTF-8' encoding to copy filtered resources.
2016-05-10 15:36:08,573 [Worker-22] INFO  o.e.m.c.i.embedder.EclipseLogger - skip non existing resourceDirectory C:\Users\nishanth.m\Perforce\nmalyala_SON16240_4467\depot\Griffin\release\VCS_Phase2\griffin-model\src\test\resources
2016-05-10 15:36:08,965 [Worker-22] WARN  o.e.m.c.i.embedder.EclipseLogger - The artifact javax.xml:jaxb-api:jar:2.1 has been relocated to javax.xml.bind:jaxb-api:jar:2.1
2016-05-10 15:36:09,013 [Worker-22] WARN  o.e.m.c.i.embedder.EclipseLogger - Failure to transfer org.codehaus.mojo:jaxws-maven-plugin/maven-metadata.xml from http://nexus.expediacorporate.eu/nexus/content/groups/public/ was cached in the local repository, resolution will not be reattempted until the update interval of egencia has elapsed or updates are forced. Original error: Could not transfer metadata org.codehaus.mojo:jaxws-maven-plugin/maven-metadata.xml from/to egencia (http://nexus.expediacorporate.eu/nexus/content/groups/public/): nexus.expediacorporate.eu
2016-05-10 15:36:09,020 [Worker-22] WARN  o.e.m.c.i.embedder.EclipseLogger - The artifact javax.xml:jaxb-api:jar:2.1 has been relocated to javax.xml.bind:jaxb-api:jar:2.1
2016-05-10 15:36:09,058 [Worker-22] WARN  o.e.m.c.i.embedder.EclipseLogger - cannot find file for junit:junit:4.8.2
2016-05-10 15:36:09,058 [Worker-22] WARN  o.e.m.c.i.embedder.EclipseLogger - cannot find file for javax.xml:jaxb-api:2.1
2016-05-10 15:36:09,059 [Worker-22] WARN  o.e.m.c.i.embedder.EclipseLogger - cannot find file for org.springframework:spring-test:3.0.5.RELEASE
2016-05-10 15:36:09,059 [Worker-22] WARN  o.e.m.c.i.embedder.EclipseLogger - cannot find file for org.mockito:mockito-all:1.9.0
2016-05-10 15:36:09,060 [Worker-22] WARN  o.e.m.c.i.embedder.EclipseLogger - cannot find file for uk.co.jemos.podam:podam:3.0.2.RELEASE
2016-05-10 15:36:09,061 [Worker-22] INFO  o.e.m.c.i.embedder.EclipseLogger - Processing: file:/C:/Users/nishanth.m/Perforce/nmalyala_SON16240_4467/depot/Griffin/release/VCS_Phase2/safenet-client/src/wsdl/WSS.asmx.wsdl
2016-05-10 15:36:09,061 [Worker-22] WARN  o.e.m.c.i.embedder.EclipseLogger - Using platform encoding (Cp1252), build is platform dependent!
2016-05-10 15:36:09,062 [Worker-22] INFO  o.e.m.c.i.embedder.EclipseLogger - jaxws:wsimport args: [-keep, -s, 'C:\Users\nishanth.m\Perforce\nmalyala_SON16240_4467\depot\Griffin\release\VCS_Phase2\safenet-client\target\generated-sources\wsimport', -d, 'C:\Users\nishanth.m\Perforce\nmalyala_SON16240_4467\depot\Griffin\release\VCS_Phase2\safenet-client\target\classes', -extension, -Xnocompile, -p, com.egencia.griffin.safenet, "file:/C:/Users/nishanth.m/Perforce/nmalyala_SON16240_4467/depot/Griffin/release/VCS_Phase2/safenet-client/src/wsdl/WSS.asmx.wsdl"]
2016-05-10 15:36:09,185 [Worker-22] INFO  o.e.m.c.i.embedder.EclipseLogger - Using 'UTF-8' encoding to copy filtered resources.
2016-05-10 15:36:09,186 [Worker-22] INFO  o.e.m.c.i.embedder.EclipseLogger - skip non existing resourceDirectory C:\Users\nishanth.m\Perforce\nmalyala_SON16240_4467\depot\Griffin\release\VCS_Phase2\safenet-client\src\main\resources
2016-05-10 15:36:09,187 [Worker-22] INFO  o.e.m.c.i.embedder.EclipseLogger - Using 'UTF-8' encoding to copy filtered resources.
2016-05-10 15:36:09,188 [Worker-22] INFO  o.e.m.c.i.embedder.EclipseLogger - skip non existing resourceDirectory C:\Users\nishanth.m\Perforce\nmalyala_SON16240_4467\depot\Griffin\release\VCS_Phase2\safenet-client\src\test\resources
2016-05-10 15:36:09,551 [Worker-22] INFO  o.e.m.c.i.embedder.EclipseLogger - Using 'UTF-8' encoding to copy filtered resources.
2016-05-10 15:36:09,551 [Worker-22] INFO  o.e.m.c.i.embedder.EclipseLogger - skip non existing resourceDirectory C:\Users\nishanth.m\Perforce\nmalyala_SON16240_4467\depot\Griffin\release\VCS_Phase2\griffin-service\src\main\resources
2016-05-10 15:36:09,553 [Worker-22] INFO  o.e.m.c.i.embedder.EclipseLogger - Using 'UTF-8' encoding to copy filtered resources.
2016-05-10 15:36:09,553 [Worker-22] INFO  o.e.m.c.i.embedder.EclipseLogger - Copying 1 resource
2016-05-10 15:36:10,546 [Worker-22] INFO  o.e.m.c.i.embedder.EclipseLogger - Using 'UTF-8' encoding to copy filtered resources.
2016-05-10 15:36:10,546 [Worker-22] INFO  o.e.m.c.i.embedder.EclipseLogger - Copying 3 resources
2016-05-10 15:36:10,554 [Worker-22] INFO  o.e.m.c.i.embedder.EclipseLogger - Using 'UTF-8' encoding to copy filtered resources.
2016-05-10 15:36:10,554 [Worker-22] INFO  o.e.m.c.i.embedder.EclipseLogger - Copying 2 resources
2016-05-10 15:36:13,350 [Worker-20] INFO  o.e.m.i.discovery.MavenDiscovery - No lifecyle mapping found at jar:file:/C:/Users/nishanth.m/AppData/Local/Temp/RemoteBundleDiscoveryStrategy2648666434945517107.tmp/org.eclipse.m2e.discovery.oss_catalog_1.6.jar_8000263709488537727.jar!/lifecycle%2Forg.eclipse.m2e.discovery.lifecyclemapping.m2e-egit.xml
2016-05-10 15:36:13,352 [Worker-20] WARN  o.e.m.i.discovery.MavenDiscovery - CatalogItem org.eclipse.m2e.discovery.lifecyclemapping.m2e-egit does not contain lifecycle mapping metadata
2016-05-10 15:36:13,354 [Worker-20] INFO  o.e.m.i.discovery.MavenDiscovery - No lifecyle mapping found at jar:file:/C:/Users/nishanth.m/AppData/Local/Temp/RemoteBundleDiscoveryStrategy2648666434945517107.tmp/org.eclipse.m2e.discovery.oss_catalog_1.6.jar_8000263709488537727.jar!/lifecycle%2Forg.eclipse.m2e.discovery.lifecyclemapping.m2e-subversive.xml
2016-05-10 15:36:13,355 [Worker-20] WARN  o.e.m.i.discovery.MavenDiscovery - CatalogItem org.eclipse.m2e.discovery.lifecyclemapping.m2e-subversive does not contain lifecycle mapping metadata
2016-05-10 15:38:07,911 [Worker-15] INFO  o.e.m.c.i.l.LifecycleMappingFactory - Using org.eclipse.m2e.jdt.JarLifecycleMapping lifecycle mapping for MavenProject: com.egencia.griffin:safenet-client:1.7-RC17-SNAPSHOT @ C:\Users\nishanth.m\Perforce\nmalyala_SON16240_4467\depot\Griffin\release\VCS_Phase2\safenet-client\pom.xml.
2016-05-10 15:38:10,463 [Worker-21] INFO  o.e.m.c.i.embedder.EclipseLogger - Using 'UTF-8' encoding to copy filtered resources.
2016-05-10 15:38:10,465 [Worker-21] INFO  o.e.m.c.i.embedder.EclipseLogger - Copying 0 resource
2016-05-10 15:38:10,466 [Worker-21] INFO  o.e.m.c.i.embedder.EclipseLogger - Using 'UTF-8' encoding to copy filtered resources.
2016-05-10 15:38:10,467 [Worker-21] INFO  o.e.m.c.i.embedder.EclipseLogger - Copying 0 resource
2016-05-10 15:38:18,605 [Worker-15] INFO  o.e.m.c.i.e.AbstractTransferListenerAdapter - Downloaded http://nexus.expediacorporate.eu/nexus/content/groups/public/com/egencia/griffin/griffin-model/1.7-RC17-SNAPSHOT/maven-metadata.xml
2016-05-10 15:38:18,607 [Worker-15] WARN  o.e.m.c.i.embedder.EclipseLogger - Could not transfer metadata com.egencia.griffin:griffin-model:1.7-RC17-SNAPSHOT/maven-metadata.xml from/to egencia (http://nexus.expediacorporate.eu/nexus/content/groups/public/): connect timed out
2016-05-10 15:38:18,611 [Worker-15] WARN  o.e.m.c.i.embedder.EclipseLogger - Failure to transfer com.egencia.griffin:griffin-model:1.7-RC17-SNAPSHOT/maven-metadata.xml from http://nexus.expediacorporate.eu/nexus/content/groups/public/ was cached in the local repository, resolution will not be reattempted until the update interval of egencia has elapsed or updates are forced. Original error: Could not transfer metadata com.egencia.griffin:griffin-model:1.7-RC17-SNAPSHOT/maven-metadata.xml from/to egencia (http://nexus.expediacorporate.eu/nexus/content/groups/public/): connect timed out
2016-05-10 15:38:28,617 [Worker-15] INFO  o.e.m.c.i.e.AbstractTransferListenerAdapter - Downloaded http://nexus.expediacorporate.eu/nexus/content/groups/public/com/egencia/griffin/griffin-model/1.7-RC17-SNAPSHOT/griffin-model-1.7-RC17-SNAPSHOT.pom
2016-05-10 15:38:29,311 [Worker-15] INFO  o.e.m.c.i.l.LifecycleMappingFactory - Using org.maven.ide.eclipse.wtp.WarLifecycleMapping lifecycle mapping for MavenProject: com.egencia.griffin:griffin:1.7-RC17-SNAPSHOT @ C:\Users\nishanth.m\Perforce\nmalyala_SON16240_4467\depot\Griffin\release\VCS_Phase2\griffin-webapp\pom.xml.
2016-05-10 15:38:39,530 [Worker-15] INFO  o.e.m.c.i.e.AbstractTransferListenerAdapter - Downloaded http://nexus.expediacorporate.eu/nexus/content/groups/public/com/egencia/griffin/griffin-model/1.7-RC17-SNAPSHOT/griffin-model-1.7-RC17-SNAPSHOT.jar
2016-05-10 15:38:39,761 [Worker-15] INFO  o.e.m.c.i.l.LifecycleMappingFactory - Using org.eclipse.m2e.jdt.JarLifecycleMapping lifecycle mapping for MavenProject: com.egencia.griffin:griffin-service:1.7-RC17-SNAPSHOT @ C:\Users\nishanth.m\Perforce\nmalyala_SON16240_4467\depot\Griffin\release\VCS_Phase2\griffin-service\pom.xml.
2016-05-10 15:38:39,944 [Worker-15] WARN  o.e.m.c.i.embedder.EclipseLogger - Failure to transfer com.egencia.griffin:griffin-model:1.7-RC17-SNAPSHOT/maven-metadata.xml from http://nexus.expediacorporate.eu/nexus/content/groups/public/ was cached in the local repository, resolution will not be reattempted until the update interval of egencia has elapsed or updates are forced. Original error: Could not transfer metadata com.egencia.griffin:griffin-model:1.7-RC17-SNAPSHOT/maven-metadata.xml from/to egencia (http://nexus.expediacorporate.eu/nexus/content/groups/public/): connect timed out
2016-05-10 15:38:39,946 [Worker-15] WARN  o.e.m.c.i.embedder.EclipseLogger - Failure to transfer com.egencia.griffin:griffin-model:1.7-RC17-SNAPSHOT/maven-metadata.xml from http://nexus.expediacorporate.eu/nexus/content/groups/public/ was cached in the local repository, resolution will not be reattempted until the update interval of egencia has elapsed or updates are forced. Original error: Could not transfer metadata com.egencia.griffin:griffin-model:1.7-RC17-SNAPSHOT/maven-metadata.xml from/to egencia (http://nexus.expediacorporate.eu/nexus/content/groups/public/): connect timed out
2016-05-10 15:38:41,182 [Worker-12] WARN  o.e.m.c.i.embedder.EclipseLogger - Failure to transfer com.egencia.griffin:griffin-model:1.7-RC17-SNAPSHOT/maven-metadata.xml from http://nexus.expediacorporate.eu/nexus/content/groups/public/ was cached in the local repository, resolution will not be reattempted until the update interval of egencia has elapsed or updates are forced. Original error: Could not transfer metadata com.egencia.griffin:griffin-model:1.7-RC17-SNAPSHOT/maven-metadata.xml from/to egencia (http://nexus.expediacorporate.eu/nexus/content/groups/public/): connect timed out
2016-05-10 15:38:41,184 [Worker-12] WARN  o.e.m.c.i.embedder.EclipseLogger - Failure to transfer com.egencia.griffin:griffin-model:1.7-RC17-SNAPSHOT/maven-metadata.xml from http://nexus.expediacorporate.eu/nexus/content/groups/public/ was cached in the local repository, resolution will not be reattempted until the update interval of egencia has elapsed or updates are forced. Original error: Could not transfer metadata com.egencia.griffin:griffin-model:1.7-RC17-SNAPSHOT/maven-metadata.xml from/to egencia (http://nexus.expediacorporate.eu/nexus/content/groups/public/): connect timed out
2016-05-10 15:38:41,249 [Worker-12] WARN  o.e.m.c.i.embedder.EclipseLogger - Failure to transfer org.codehaus.mojo:jaxws-maven-plugin/maven-metadata.xml from http://nexus.expediacorporate.eu/nexus/content/groups/public/ was cached in the local repository, resolution will not be reattempted until the update interval of egencia has elapsed or updates are forced. Original error: Could not transfer metadata org.codehaus.mojo:jaxws-maven-plugin/maven-metadata.xml from/to egencia (http://nexus.expediacorporate.eu/nexus/content/groups/public/): nexus.expediacorporate.eu
2016-05-10 15:38:41,256 [Worker-12] WARN  o.e.m.c.i.embedder.EclipseLogger - The artifact javax.xml:jaxb-api:jar:2.1 has been relocated to javax.xml.bind:jaxb-api:jar:2.1
2016-05-10 15:38:41,293 [Worker-12] INFO  o.e.m.c.i.embedder.EclipseLogger - Using 'UTF-8' encoding to copy filtered resources.
2016-05-10 15:38:41,293 [Worker-12] INFO  o.e.m.c.i.embedder.EclipseLogger - skip non existing resourceDirectory C:\Users\nishanth.m\Perforce\nmalyala_SON16240_4467\depot\Griffin\release\VCS_Phase2\safenet-client\src\main\resources
2016-05-10 15:38:41,294 [Worker-12] INFO  o.e.m.c.i.embedder.EclipseLogger - Using 'UTF-8' encoding to copy filtered resources.
2016-05-10 15:38:41,295 [Worker-12] INFO  o.e.m.c.i.embedder.EclipseLogger - skip non existing resourceDirectory C:\Users\nishanth.m\Perforce\nmalyala_SON16240_4467\depot\Griffin\release\VCS_Phase2\safenet-client\src\test\resources
2016-05-10 15:38:41,414 [Worker-12] WARN  o.e.m.c.i.embedder.EclipseLogger - Failure to transfer com.egencia.griffin:griffin-model:1.7-RC17-SNAPSHOT/maven-metadata.xml from http://nexus.expediacorporate.eu/nexus/content/groups/public/ was cached in the local repository, resolution will not be reattempted until the update interval of egencia has elapsed or updates are forced. Original error: Could not transfer metadata com.egencia.griffin:griffin-model:1.7-RC17-SNAPSHOT/maven-metadata.xml from/to egencia (http://nexus.expediacorporate.eu/nexus/content/groups/public/): connect timed out
2016-05-10 15:38:41,417 [Worker-12] WARN  o.e.m.c.i.embedder.EclipseLogger - Failure to transfer com.egencia.griffin:griffin-model:1.7-RC17-SNAPSHOT/maven-metadata.xml from http://nexus.expediacorporate.eu/nexus/content/groups/public/ was cached in the local repository, resolution will not be reattempted until the update interval of egencia has elapsed or updates are forced. Original error: Could not transfer metadata com.egencia.griffin:griffin-model:1.7-RC17-SNAPSHOT/maven-metadata.xml from/to egencia (http://nexus.expediacorporate.eu/nexus/content/groups/public/): connect timed out
2016-05-10 15:38:41,501 [Worker-12] INFO  o.e.m.c.i.embedder.EclipseLogger - Using 'UTF-8' encoding to copy filtered resources.
2016-05-10 15:38:41,501 [Worker-12] INFO  o.e.m.c.i.embedder.EclipseLogger - skip non existing resourceDirectory C:\Users\nishanth.m\Perforce\nmalyala_SON16240_4467\depot\Griffin\release\VCS_Phase2\griffin-service\src\main\resources
2016-05-10 15:38:41,503 [Worker-12] INFO  o.e.m.c.i.embedder.EclipseLogger - Using 'UTF-8' encoding to copy filtered resources.
2016-05-10 15:38:41,504 [Worker-12] INFO  o.e.m.c.i.embedder.EclipseLogger - Copying 0 resource
2016-05-10 15:38:41,612 [Worker-12] WARN  o.e.m.c.i.embedder.EclipseLogger - Failure to transfer com.egencia.griffin:griffin-model:1.7-RC17-SNAPSHOT/maven-metadata.xml from http://nexus.expediacorporate.eu/nexus/content/groups/public/ was cached in the local repository, resolution will not be reattempted until the update interval of egencia has elapsed or updates are forced. Original error: Could not transfer metadata com.egencia.griffin:griffin-model:1.7-RC17-SNAPSHOT/maven-metadata.xml from/to egencia (http://nexus.expediacorporate.eu/nexus/content/groups/public/): connect timed out
2016-05-10 15:38:41,614 [Worker-12] WARN  o.e.m.c.i.embedder.EclipseLogger - Failure to transfer com.egencia.griffin:griffin-model:1.7-RC17-SNAPSHOT/maven-metadata.xml from http://nexus.expediacorporate.eu/nexus/content/groups/public/ was cached in the local repository, resolution will not be reattempted until the update interval of egencia has elapsed or updates are forced. Original error: Could not transfer metadata com.egencia.griffin:griffin-model:1.7-RC17-SNAPSHOT/maven-metadata.xml from/to egencia (http://nexus.expediacorporate.eu/nexus/content/groups/public/): connect timed out
2016-05-10 15:38:41,785 [Worker-12] INFO  o.e.m.c.i.embedder.EclipseLogger - Using 'UTF-8' encoding to copy filtered resources.
2016-05-10 15:38:41,785 [Worker-12] INFO  o.e.m.c.i.embedder.EclipseLogger - Copying 0 resource
2016-05-10 15:38:41,786 [Worker-12] INFO  o.e.m.c.i.embedder.EclipseLogger - Using 'UTF-8' encoding to copy filtered resources.
2016-05-10 15:38:41,786 [Worker-12] INFO  o.e.m.c.i.embedder.EclipseLogger - Copying 0 resource
2016-05-10 15:38:42,161 [Worker-15] INFO  o.e.m.c.i.l.LifecycleMappingFactory - Using org.eclipse.m2e.jdt.JarLifecycleMapping lifecycle mapping for MavenProject: com.egencia.griffin:griffin-acceptance:1.7-RC17-SNAPSHOT @ C:\Users\nishanth.m\Perforce\nmalyala_SON16240_4467\depot\Griffin\release\VCS_Phase2\griffin-acceptance\pom.xml.
2016-05-10 15:38:52,168 [Worker-15] INFO  o.e.m.c.i.e.AbstractTransferListenerAdapter - Downloaded http://nexus.expediacorporate.eu/nexus/content/groups/public/com/egencia/griffin/griffin-client/1.7-RC17-SNAPSHOT/maven-metadata.xml
2016-05-10 15:38:52,171 [Worker-15] WARN  o.e.m.c.i.embedder.EclipseLogger - Could not transfer metadata com.egencia.griffin:griffin-client:1.7-RC17-SNAPSHOT/maven-metadata.xml from/to egencia (http://nexus.expediacorporate.eu/nexus/content/groups/public/): connect timed out
2016-05-10 15:38:52,179 [Worker-15] WARN  o.e.m.c.i.embedder.EclipseLogger - Failure to transfer com.egencia.griffin:griffin-client:1.7-RC17-SNAPSHOT/maven-metadata.xml from http://nexus.expediacorporate.eu/nexus/content/groups/public/ was cached in the local repository, resolution will not be reattempted until the update interval of egencia has elapsed or updates are forced. Original error: Could not transfer metadata com.egencia.griffin:griffin-client:1.7-RC17-SNAPSHOT/maven-metadata.xml from/to egencia (http://nexus.expediacorporate.eu/nexus/content/groups/public/): connect timed out
2016-05-10 15:39:02,183 [Worker-15] INFO  o.e.m.c.i.e.AbstractTransferListenerAdapter - Downloaded http://nexus.expediacorporate.eu/nexus/content/groups/public/com/egencia/griffin/griffin-client/1.7-RC17-SNAPSHOT/griffin-client-1.7-RC17-SNAPSHOT.pom
2016-05-10 15:39:03,414 [Worker-12] WARN  o.e.m.c.i.embedder.EclipseLogger - Failure to transfer com.egencia.griffin:griffin-client:1.7-RC17-SNAPSHOT/maven-metadata.xml from http://nexus.expediacorporate.eu/nexus/content/groups/public/ was cached in the local repository, resolution will not be reattempted until the update interval of egencia has elapsed or updates are forced. Original error: Could not transfer metadata com.egencia.griffin:griffin-client:1.7-RC17-SNAPSHOT/maven-metadata.xml from/to egencia (http://nexus.expediacorporate.eu/nexus/content/groups/public/): connect timed out
2016-05-10 15:39:03,417 [Worker-12] WARN  o.e.m.c.i.embedder.EclipseLogger - Failure to transfer com.egencia.griffin:griffin-client:1.7-RC17-SNAPSHOT/maven-metadata.xml from http://nexus.expediacorporate.eu/nexus/content/groups/public/ was cached in the local repository, resolution will not be reattempted until the update interval of egencia has elapsed or updates are forced. Original error: Could not transfer metadata com.egencia.griffin:griffin-client:1.7-RC17-SNAPSHOT/maven-metadata.xml from/to egencia (http://nexus.expediacorporate.eu/nexus/content/groups/public/): connect timed out
2016-05-10 15:39:03,590 [Worker-12] INFO  o.e.m.c.i.embedder.EclipseLogger - Using 'UTF-8' encoding to copy filtered resources.
2016-05-10 15:39:03,590 [Worker-12] INFO  o.e.m.c.i.embedder.EclipseLogger - skip non existing resourceDirectory C:\Users\nishanth.m\Perforce\nmalyala_SON16240_4467\depot\Griffin\release\VCS_Phase2\griffin-acceptance\src\main\resources
2016-05-10 15:39:03,591 [Worker-12] INFO  o.e.m.c.i.embedder.EclipseLogger - Using 'UTF-8' encoding to copy filtered resources.
2016-05-10 15:39:03,591 [Worker-12] INFO  o.e.m.c.i.embedder.EclipseLogger - Copying 0 resource
2016-05-10 15:43:49,078 [Worker-23] WARN  o.e.m.c.i.embedder.EclipseLogger - Failure to transfer com.egencia.griffin:griffin-model:1.7-RC17-SNAPSHOT/maven-metadata.xml from http://nexus.expediacorporate.eu/nexus/content/groups/public/ was cached in the local repository, resolution will not be reattempted until the update interval of egencia has elapsed or updates are forced. Original error: Could not transfer metadata com.egencia.griffin:griffin-model:1.7-RC17-SNAPSHOT/maven-metadata.xml from/to egencia (http://nexus.expediacorporate.eu/nexus/content/groups/public/): connect timed out
2016-05-10 15:43:49,080 [Worker-23] WARN  o.e.m.c.i.embedder.EclipseLogger - Failure to transfer com.egencia.griffin:griffin-model:1.7-RC17-SNAPSHOT/maven-metadata.xml from http://nexus.expediacorporate.eu/nexus/content/groups/public/ was cached in the local repository, resolution will not be reattempted until the update interval of egencia has elapsed or updates are forced. Original error: Could not transfer metadata com.egencia.griffin:griffin-model:1.7-RC17-SNAPSHOT/maven-metadata.xml from/to egencia (http://nexus.expediacorporate.eu/nexus/content/groups/public/): connect timed out
2016-05-10 15:43:49,238 [Worker-23] WARN  o.e.m.c.i.embedder.EclipseLogger - Failure to transfer com.egencia.griffin:griffin-model:1.7-RC17-SNAPSHOT/maven-metadata.xml from http://nexus.expediacorporate.eu/nexus/content/groups/public/ was cached in the local repository, resolution will not be reattempted until the update interval of egencia has elapsed or updates are forced. Original error: Could not transfer metadata com.egencia.griffin:griffin-model:1.7-RC17-SNAPSHOT/maven-metadata.xml from/to egencia (http://nexus.expediacorporate.eu/nexus/content/groups/public/): connect timed out
2016-05-10 15:43:49,240 [Worker-23] WARN  o.e.m.c.i.embedder.EclipseLogger - Failure to transfer com.egencia.griffin:griffin-model:1.7-RC17-SNAPSHOT/maven-metadata.xml from http://nexus.expediacorporate.eu/nexus/content/groups/public/ was cached in the local repository, resolution will not be reattempted until the update interval of egencia has elapsed or updates are forced. Original error: Could not transfer metadata com.egencia.griffin:griffin-model:1.7-RC17-SNAPSHOT/maven-metadata.xml from/to egencia (http://nexus.expediacorporate.eu/nexus/content/groups/public/): connect timed out
